_PAD
_GO
_EOS
_UNK
is
_name_
a
the
,
nice
it
place
in
and
you
-s
are
price
range
for
_pricerange_
goodbye
food
_food_
of
_type_
their
area
there
good
serves
_goodformeal_
child
near
what
restaurant
_address_
_phone_
number
would
phone
like
_near_
_area_
address
where
i
allowed
_count_
that
looking
to
do
or
sorry
allows
no
kid
am
but
not
something
.
_kidsallowed_
cheap
expensive
moderate
care
allow
valley
at
hayes
can
serving
if
_kidsallowed_t
located
meal
_price_
priced
does
about
-ly
your
_postcode_
have
be
with
postcode
want
other
help
kind
thank
confirm
type
'
lunch
s
dinner
else
than
anything
any
serve
bye
breakfast
brunch
whether
found
preference
has
called
as
me
right
an
which
part
town
let
its
name
find
only
hill
district
did
interested
0
mind
great
heights
financial
please
north
all
friendly
mission
welcome
they
prefer
square
location
recommend
we
may
day
dine
city
say
close
calling
park
matter
also
nearby
know
on
ok
certain
more
offers
bernal
chinatown
named
except
by
apologize
russian
eat
fishermans
wharf
beach
preferred
code
try
particular
ask
south
dont
little
listed
specify
were
various
union
indpak
telegraph
how
nob
another
bay
k_kidsallowed_w
cannot
available
lower
time
indian
zip
information
friendship
cathedral
noma
unfortunately
village
laurel
searching
offer
downtown
osaka
could
requesting
parts
center
costs
specific
served
civic
very
japanese
richmond
call
give
terrace
besides
reached
open
option
sushi
just
provides
asking
enjoy
neighborhood
mews
search
vegetarian
sort
this
fits
still
outer
la
seeking
_phone_2
checked
showplace
jordan
russia
need
victoria
most
average
hungry
typically
atmosphere
arabian
lucky
ananda
parlance
considering
shangri
lebanese
look
will
suggest
yes
around
postal
creation
?
fuara
again
inset
excellent
dollar
go
certainly
venue
presidio
further
selected
pick
golden
searving
select
from
tell
telephone
glad
1
gate
What
feature
course
fit
then
idea
_kidsallowed_rth
wonderful
wanting
sure
reach
shop
hope
get
94122
hollow
wonder
between
here
cow
interest
cuisine
different
spend
french
using
alamo
either
pacific
per
ha_kidsallowed_
servers
dolores
much
inner
count
94108
phonenumber
children
choice
fall
bringing
specializes
hide
assistance
specialized
bon
usually
conveniently
addresses
put
must
hour
work
my
needs
rather
toodles
patronize
okay
attend
ethnic
tapas
provide
so
talk
typical
k_kidsallowed_wing
vary
glen
somewhere
actually
them
break
now
easily
opera
transmission
mean
doing
persian
7
got
issue
assist
quite
service
teh
There
one
waterfront
unknown
system
too
somewhat
11
providing
result
inform
able
zipcode
recommended
finding
why
answered
fine
costing
_type_s
should
pretty
folks
during
restaurants
see
sea
recommed
state
4156820826
latin
job
himalayan
vicinity
satisfaction
pf
dialogue
catch
sound
these
restaurnats
almost
someone
make
ya
I
permit
euro
severs
variety
well
thanks
dining
delhi
dish
can_kidsallowed_t
choosing
t
panhandle
plaza
outset
question
hi
hear
trying
peruvian
doesn
appetit
star
